
Showing logs for build [32mcb-kubecd-environment-pr-500-4-6lq7k-1[0m stage [32mfrom-build-pack[0m and container [32mstep-credential-initializer-djfkq[0m
{"level":"info","ts":1587637713.3047206,"logger":"fallback-logger","caller":"logging/config.go:69","msg":"Fetch GitHub commit ID from kodata failed: open /var/run/ko/refs/heads/0.8.0-ns-support: no such file or directory"}
{"level":"info","ts":1587637713.3053153,"logger":"fallback-logger","caller":"creds-init/main.go:40","msg":"Credentials initialized."}

Showing logs for build [32mcb-kubecd-environment-pr-500-4-6lq7k-1[0m stage [32mfrom-build-pack[0m and container [32mstep-working-dir-initializer-wdgw8[0m
{"level":"info","ts":1587637714.6760943,"logger":"fallback-logger","caller":"logging/config.go:69","msg":"Fetch GitHub commit ID from kodata failed: open /var/run/ko/HEAD: no such file or directory"}
{"level":"info","ts":1587637714.677734,"logger":"fallback-logger","caller":"bash/main.go:64","msg":"Successfully executed command \"sh -c mkdir -p /workspace/source\"; output "}

Showing logs for build [32mcb-kubecd-environment-pr-500-4-6lq7k-1[0m stage [32mfrom-build-pack[0m and container [32mstep-place-tools[0m

Showing logs for build [32mcb-kubecd-environment-pr-500-4-6lq7k-1[0m stage [32mfrom-build-pack[0m and container [32mstep-git-source-cb-kubecd-environment-pr-500-4-6lq7k-tzxnj[0m
{"level":"info","ts":1587637718.8444269,"logger":"fallback-logger","caller":"logging/config.go:69","msg":"Fetch GitHub commit ID from kodata failed: open /var/run/ko/refs/heads/0.8.0-ns-support: no such file or directory"}
{"level":"info","ts":1587637719.8961232,"logger":"fallback-logger","caller":"git/git.go:103","msg":"Successfully cloned https://github.com/cb-kubecd/environment-pr-500-4-bdd-frontend-staging.git @ master in path /workspace/source"}

Showing logs for build [32mcb-kubecd-environment-pr-500-4-6lq7k-1[0m stage [32mfrom-build-pack[0m and container [32mstep-git-merge[0m
Using SHAs from PULL_REFS=master:47470a98a1c72c54a9b45fcce9d099b84ca80f2c,1:c3303c7673395985da6c33174fada8177b46b8cc
DEBUG: LC_ALL=C JX_LOG_LEVEL=error git fetch origin --unshallow c3303c7673395985da6c33174fada8177b46b8cc: 47470a98a1c72c54a9b45fcce9d099b84ca80f2c:
DEBUG: ran git fetch --unshallow origin c3303c7673395985da6c33174fada8177b46b8cc: 47470a98a1c72c54a9b45fcce9d099b84ca80f2c: in 
DEBUG: LC_ALL=C JX_LOG_LEVEL=error git branch
DEBUG: LC_ALL=C JX_LOG_LEVEL=error git checkout master
DEBUG: ran git checkout master in 
DEBUG: LC_ALL=C JX_LOG_LEVEL=error git reset --hard 47470a98a1c72c54a9b45fcce9d099b84ca80f2c
DEBUG: ran git reset --hard 47470a98a1c72c54a9b45fcce9d099b84ca80f2c in 
DEBUG: JX_LOG_LEVEL=error LC_ALL=C git clean -fd .
DEBUG: ran clean --force -d . in 
DEBUG: LC_ALL=C JX_LOG_LEVEL=error git merge c3303c7673395985da6c33174fada8177b46b8cc
DEBUG: ran git merge c3303c7673395985da6c33174fada8177b46b8cc in 
DEBUG: LC_ALL=C JX_LOG_LEVEL=error git log --format=%H%x1f%an%x1f%ae%x1f%cn%x1f%ce%x1f%s%n%b%x1e 47470a98a1c72c54a9b45fcce9d099b84ca80f2c..HEAD
Merged SHA c3303c7673395985da6c33174fada8177b46b8cc with commit message 'chore: Promote bdd-nh-1587636732 to version 0.0.1' into base branch master

Showing logs for build [32mcb-kubecd-environment-pr-500-4-6lq7k-1[0m stage [32mfrom-build-pack[0m and container [32mstep-build-helm-build[0m
WARNING: No $CHART_REPOSITORY defined so using the default value of: http://jenkins-x-chartmuseum:8080
Adding missing Helm repo: storage.googleapis.com https://storage.googleapis.com/chartmuseum.jenkins-x.io
WARNING: No secrets found on "helm/repos" due: reading the secret "helm/repos" from vault: no secret "helm/repos" not found in vault
Read credentials for https://storage.googleapis.com/chartmuseum.jenkins-x.io from vault helm/repos
Successfully added Helm repository storage.googleapis.com.
Adding missing Helm repo: jenkins-x-chartmuseum http://jenkins-x-chartmuseum:8080
WARNING: No secrets found on "helm/repos" due: reading the secret "helm/repos" from vault: no secret "helm/repos" not found in vault
Read credentials for http://jenkins-x-chartmuseum:8080 from vault helm/repos
Successfully added Helm repository jenkins-x-chartmuseum.
WARNING: No $CHART_REPOSITORY defined so using the default value of: http://jenkins-x-chartmuseum:8080
Adding missing Helm repo: chartmuseum.jenkins-x.io http://chartmuseum.jenkins-x.io
WARNING: No secrets found on "helm/repos" due: reading the secret "helm/repos" from vault: no secret "helm/repos" not found in vault
Read credentials for http://chartmuseum.jenkins-x.io from vault helm/repos
Successfully added Helm repository chartmuseum.jenkins-x.io.
